<?xml version="1.0" encoding="UTF-8"?>
<!-- Generated by org.testng.reporters.JUnitReportReporter -->
<testsuite hostname="GODHEAVEN" failures="0" tests="3" name="june29.PrimusHomePage" time="0.872" errors="0" timestamp="2024-06-29T14:08:09 IST" skipped="0">
  <testcase classname="june29.PrimusHomePage" name="corporateBanking" time="0.226"/>
  <system-out>
    <![CDATA[Corporate Banking]]>
  </system-out>
  <testcase classname="june29.PrimusHomePage" name="internationalBanking" time="0.229"/>
  <system-out>
    <![CDATA[International Bank]]>
  </system-out>
  <testcase classname="june29.PrimusHomePage" name="personalBanking" time="0.417"/>
  <system-out>
    <![CDATA[Personal Banking]]>
  </system-out>
</testsuite> <!-- june29.PrimusHomePage -->
