<?xml version="1.0" encoding="UTF-8"?>
<!-- Generated by org.testng.reporters.JUnitReportReporter -->
<testsuite hostname="GODHEAVEN" failures="0" tests="4" name="july_1.BeforeAfterMethod" time="29.206" errors="0" timestamp="2024-07-02T22:39:35 IST" skipped="0">
  <testcase classname="july_1.BeforeAfterMethod" name="users" time="6.399"/>
  <system-out>
    <![CDATA[Click on Users]]>
  </system-out>
  <testcase classname="july_1.BeforeAfterMethod" name="employees" time="9.794"/>
  <system-out>
    <![CDATA[Click on Employees]]>
  </system-out>
  <testcase classname="july_1.BeforeAfterMethod" name="branches" time="6.653"/>
  <system-out>
    <![CDATA[Click on Branches]]>
  </system-out>
  <testcase classname="july_1.BeforeAfterMethod" name="roles" time="6.360"/>
  <system-out>
    <![CDATA[Click on Roles]]>
  </system-out>
</testsuite> <!-- july_1.BeforeAfterMethod -->
