<?xml version="1.0" encoding="UTF-8"?>
<!-- Generated by org.testng.reporters.JUnitReportReporter -->
<testsuite hostname="GODHEAVEN" failures="0" tests="4" name="july_2.ThirdTestNGClass" time="10.071" errors="0" timestamp="2024-07-02T15:53:38 IST" skipped="0">
  <testcase classname="july_2.ThirdTestNGClass" name="pim" time="2.384"/>
  <system-out/>
  <testcase classname="july_2.ThirdTestNGClass" name="admin" time="2.665"/>
  <system-out/>
  <testcase classname="july_2.ThirdTestNGClass" name="leave" time="2.632"/>
  <system-out/>
  <testcase classname="july_2.ThirdTestNGClass" name="time" time="2.390"/>
  <system-out/>
</testsuite> <!-- july_2.ThirdTestNGClass -->
