<?xml version="1.0" encoding="UTF-8"?>
<!-- Generated by org.testng.reporters.JUnitReportReporter -->
<testsuite hostname="GODHEAVEN" failures="0" tests="4" name="july1.BeforeAfterMethod" time="14.728" errors="0" timestamp="2024-07-01T15:49:27 IST" skipped="0">
  <testcase classname="july1.BeforeAfterMethod" name="employees" time="3.479"/>
  <system-out>
    <![CDATA[Click on Employees]]>
  </system-out>
  <testcase classname="july1.BeforeAfterMethod" name="branches" time="3.608"/>
  <system-out>
    <![CDATA[Click on Branches]]>
  </system-out>
  <testcase classname="july1.BeforeAfterMethod" name="users" time="3.944"/>
  <system-out>
    <![CDATA[Click on Users]]>
  </system-out>
  <testcase classname="july1.BeforeAfterMethod" name="roles" time="3.697"/>
  <system-out>
    <![CDATA[Click on Roles]]>
  </system-out>
</testsuite> <!-- july1.BeforeAfterMethod -->
