<?xml version="1.0" encoding="UTF-8"?>
<!-- Generated by org.testng.reporters.JUnitReportReporter -->
<testsuite hostname="GODHEAVEN" failures="0" tests="4" name="july_1.DependentMethod" time="2.255" errors="0" timestamp="2024-07-02T22:39:35 IST" skipped="0">
  <testcase classname="july_1.DependentMethod" name="admin" time="0.727"/>
  <system-out/>
  <testcase classname="july_1.DependentMethod" name="pim" time="0.486"/>
  <system-out/>
  <testcase classname="july_1.DependentMethod" name="time" time="0.494"/>
  <system-out/>
  <testcase classname="july_1.DependentMethod" name="leave" time="0.548"/>
  <system-out/>
</testsuite> <!-- july_1.DependentMethod -->
