<?xml version="1.0" encoding="UTF-8"?>
<!-- Generated by org.testng.reporters.JUnitReportReporter -->
<testsuite hostname="GODHEAVEN" failures="0" tests="3" name="june_NG29.PrimusHomePage" time="1.661" errors="0" timestamp="2024-07-02T15:53:38 IST" skipped="0">
  <testcase classname="june_NG29.PrimusHomePage" name="internationalBanking" time="0.321"/>
  <system-out>
    <![CDATA[International Bank]]>
  </system-out>
  <testcase classname="june_NG29.PrimusHomePage" name="personalBanking" time="1.018"/>
  <system-out>
    <![CDATA[Personal Banking]]>
  </system-out>
  <testcase classname="june_NG29.PrimusHomePage" name="corporateBanking" time="0.322"/>
  <system-out>
    <![CDATA[Corporate Banking]]>
  </system-out>
</testsuite> <!-- june_NG29.PrimusHomePage -->
