<?xml version="1.0" encoding="UTF-8"?>
<!-- Generated by org.testng.reporters.JUnitReportReporter -->
<testsuite hostname="GODHEAVEN" failures="0" tests="1" name="july_2.AssertGetTitleMethod" time="3.791" errors="0" timestamp="2024-07-02T17:22:39 IST" skipped="0">
  <testcase classname="july_2.AssertGetTitleMethod" name="assertget" time="3.791"/>
  <system-out/>
</testsuite> <!-- july_2.AssertGetTitleMethod -->
